Using pre-set license
Built from '2020.3/staging' branch; Version is '2020.3.17f1 (a4537701e4ab) revision 10769271'; Using compiler version '192528614'; Build Type 'Release'
OS: 'Windows 10 Home Single Language; OS build 22000.556; Version 2009; 64bit' Language: 'en' Physical Memory: 7960 MB
BatchMode: 1, IsHumanControllingUs: 0, StartBugReporterOnCrash: 0, Is64bit: 1, IsPro: 0

COMMAND LINE ARGUMENTS:
C:\Program Files\Unity\Hub\Editor\2020.3.17f1\Editor\Unity.exe
-adb2
-batchMode
-noUpm
-name
AssetImportWorker0
-projectPath
C:/Users/Minh Hanh/Documents/GitHub/among-us/i
-logFile
Logs/AssetImportWorker0.log
-srvPort
55970
Successfully changed project path to: C:/Users/Minh Hanh/Documents/GitHub/among-us/i
C:/Users/Minh Hanh/Documents/GitHub/among-us/i
Using Asset Import Pipeline V2.
Refreshing native plugins compatible for Editor in 145.10 ms, found 2 plugins.
Preloading 0 native plugins for Editor in 0.00 ms.
Initialize engine version: 2020.3.17f1 (a4537701e4ab)
[Subsystems] Discovering subsystems at path C:/Program Files/Unity/Hub/Editor/2020.3.17f1/Editor/Data/Resources/UnitySubsystems
[Subsystems] Discovering subsystems at path C:/Users/Minh Hanh/Documents/GitHub/among-us/i/Assets
GfxDevice: creating device client; threaded=0
Direct3D:
    Version:  Direct3D 11.0 [level 11.1]
    Renderer: Intel(R) UHD Graphics (ID=0x8a56)
    Vendor:   
    VRAM:     3980 MB
    Driver:   27.20.100.8783
Initialize mono
Mono path[0] = 'C:/Program Files/Unity/Hub/Editor/2020.3.17f1/Editor/Data/Managed'
Mono path[1] = 'C:/Program Files/Unity/Hub/Editor/2020.3.17f1/Editor/Data/MonoBleedingEdge/lib/mono/unityjit'
Mono config path = 'C:/Program Files/Unity/Hub/Editor/2020.3.17f1/Editor/Data/MonoBleedingEdge/etc'
Using monoOptions --debugger-agent=transport=dt_socket,embedding=1,server=y,suspend=n,address=127.0.0.1:56772
Begin MonoManager ReloadAssembly
Registering precompiled unity dll's ...
Register platform support module: C:/Program Files/Unity/Hub/Editor/2020.3.17f1/Editor/Data/PlaybackEngines/WindowsStandaloneSupport/UnityEditor.WindowsStandalone.Extensions.dll
Registered in 0.004668 seconds.
Native extension for WindowsStandalone target not found
Refreshing native plugins compatible for Editor in 80.73 ms, found 2 plugins.
Preloading 0 native plugins for Editor in 0.00 ms.
Mono: successfully reloaded assembly
- Completed reload, in  4.942 seconds
Domain Reload Profiling:
	ReloadAssembly (4942ms)
		BeginReloadAssembly (130ms)
			ExecutionOrderSort (0ms)
			DisableScriptedObjects (0ms)
			BackupInstance (0ms)
			ReleaseScriptingObjects (0ms)
			CreateAndSetChildDomain (3ms)
		EndReloadAssembly (882ms)
			LoadAssemblies (124ms)
			RebuildTransferFunctionScriptingTraits (0ms)
			SetupTypeCache (331ms)
			ReleaseScriptCaches (0ms)
			RebuildScriptCaches (62ms)
			SetupLoadedEditorAssemblies (346ms)
				LogAssemblyErrors (0ms)
				InitializePlatformSupportModulesInManaged (7ms)
				SetLoadedEditorAssemblies (0ms)
				RefreshPlugins (81ms)
				BeforeProcessingInitializeOnLoad (34ms)
				ProcessInitializeOnLoadAttributes (166ms)
				ProcessInitializeOnLoadMethodAttributes (57ms)
				AfterProcessingInitializeOnLoad (0ms)
				EditorAssembliesLoaded (0ms)
			ExecutionOrderSort2 (0ms)
			AwakeInstancesAfterBackupRestoration (0ms)
Platform modules already initialized, skipping
Registering precompiled user dll's ...
Registered in 0.021373 seconds.
Begin MonoManager ReloadAssembly
Native extension for WindowsStandalone target not found
Refreshing native plugins compatible for Editor in 0.58 ms, found 2 plugins.
Preloading 0 native plugins for Editor in 0.00 ms.
Mono: successfully reloaded assembly
- Completed reload, in  3.214 seconds
Domain Reload Profiling:
	ReloadAssembly (3218ms)
		BeginReloadAssembly (601ms)
			ExecutionOrderSort (0ms)
			DisableScriptedObjects (48ms)
			BackupInstance (0ms)
			ReleaseScriptingObjects (0ms)
			CreateAndSetChildDomain (54ms)
		EndReloadAssembly (2461ms)
			LoadAssemblies (268ms)
			RebuildTransferFunctionScriptingTraits (0ms)
			SetupTypeCache (684ms)
			ReleaseScriptCaches (0ms)
			RebuildScriptCaches (149ms)
			SetupLoadedEditorAssemblies (1129ms)
				LogAssemblyErrors (0ms)
				InitializePlatformSupportModulesInManaged (13ms)
				SetLoadedEditorAssemblies (1ms)
				RefreshPlugins (1ms)
				BeforeProcessingInitializeOnLoad (291ms)
				ProcessInitializeOnLoadAttributes (803ms)
				ProcessInitializeOnLoadMethodAttributes (10ms)
				AfterProcessingInitializeOnLoad (10ms)
				EditorAssembliesLoaded (1ms)
			ExecutionOrderSort2 (0ms)
			AwakeInstancesAfterBackupRestoration (17ms)
Platform modules already initialized, skipping
========================================================================
Worker process is ready to serve import requests
Launched and connected shader compiler UnityShaderCompiler.exe after 0.14 seconds
Refreshing native plugins compatible for Editor in 0.85 ms, found 2 plugins.
Preloading 0 native plugins for Editor in 0.00 ms.
Unloading 2013 Unused Serialized files (Serialized files now loaded: 0)
System memory in use before: 92.3 MB.
System memory in use after: 92.3 MB.

Unloading 18 unused Assets to reduce memory usage. Loaded Objects now: 2455.
Total: 4.331100 ms (FindLiveObjects: 0.210500 ms CreateObjectMapping: 0.113200 ms MarkObjects: 3.880900 ms  DeleteObjects: 0.124300 ms)

AssetImportParameters requested are different than current active one (requested -> active):
  custom:framework-win-MediaFoundation: 216162199b28c13a410421893ffa2e32 -> 
  custom:video-decoder-ogg-theora: a1e56fd34408186e4bbccfd4996cb3dc -> 
  custom:container-muxer-webm: aa71ff27fc2769a1b78a27578f13a17b -> 
  custom:container-demuxer-webm: 4f35f7cbe854078d1ac9338744f61a02 -> 
  custom:container-demuxer-ogg: 62fdf1f143b41e24485cea50d1cbac27 -> 
  custom:video-encoder-webm-vp8: eb34c28f22e8b96e1ab97ce403110664 -> 
  custom:video-decoder-webm-vp8: 9c59270c3fd7afecdb556c50c9e8de78 -> 
  custom:audio-decoder-ogg-vorbis: bf7c407c2cedff20999df2af8eb42d56 -> 
  custom:audio-encoder-webm-vorbis: bf7c407c2cedff20999df2af8eb42d56 -> 
========================================================================
Received Import Request.
  path: Assets/full map render.renderTexture
  artifactKey: Guid(e26357623fd679249a0ad1f0eaf9004b) Importer(815301076,1909f56bfc062723c751e8b465ee728b)
Start importing Assets/full map render.renderTexture using Guid(e26357623fd679249a0ad1f0eaf9004b) Importer(815301076,1909f56bfc062723c751e8b465ee728b)  -> (artifact id: '26c5888ed5fc1526c209aa15b9c87fee') in 0.227659 seconds 
  Import took 0.234701 seconds .

========================================================================
Received Import Request.
  Time since last request: 0.000748 seconds.
  path: Assets/among us template (1).JPG
  artifactKey: Guid(9c2edff42f60a894980ae78d9bac449d) Importer(815301076,1909f56bfc062723c751e8b465ee728b)
Start importing Assets/among us template (1).JPG using Guid(9c2edff42f60a894980ae78d9bac449d) Importer(815301076,1909f56bfc062723c751e8b465ee728b)  -> (artifact id: 'd65a6c5e6f8011536b898aad49e77656') in 0.364360 seconds 
  Import took 0.375266 seconds .

========================================================================
Received Import Request.
  Time since last request: 0.001152 seconds.
  path: Assets/Circle.png
  artifactKey: Guid(985ce612f8e37644aa18d8d4aed3ef03) Importer(815301076,1909f56bfc062723c751e8b465ee728b)
Start importing Assets/Circle.png using Guid(985ce612f8e37644aa18d8d4aed3ef03) Importer(815301076,1909f56bfc062723c751e8b465ee728b)  -> (artifact id: '9aa898da0a278452a38f6f352ca132b7') in 0.147404 seconds 
  Import took 0.168562 seconds .

========================================================================
Received Import Request.
  Time since last request: 0.002561 seconds.
  path: Assets/mini map render.renderTexture
  artifactKey: Guid(972bdb9ae127d5b49ab58b488ce2640f) Importer(815301076,1909f56bfc062723c751e8b465ee728b)
Start importing Assets/mini map render.renderTexture using Guid(972bdb9ae127d5b49ab58b488ce2640f) Importer(815301076,1909f56bfc062723c751e8b465ee728b)  -> (artifact id: '881a84727e5425bb852073438cc88472') in 0.110152 seconds 
  Import took 0.183912 seconds .

========================================================================
Received Import Request.
  Time since last request: 0.010425 seconds.
  path: Assets/White_old_design.png
  artifactKey: Guid(3012e9f0721f6f746b5036f9eb396768) Importer(815301076,1909f56bfc062723c751e8b465ee728b)
Start importing Assets/White_old_design.png using Guid(3012e9f0721f6f746b5036f9eb396768) Importer(815301076,1909f56bfc062723c751e8b465ee728b)  -> (artifact id: '008b435dcbec094d5506198723558fe5') in 0.079938 seconds 
  Import took 0.131477 seconds .

========================================================================
Received Import Request.
  Time since last request: 0.000505 seconds.
  path: Assets/Wire.prefab
  artifactKey: Guid(7a3a796ca8109ca41a4e905fc06f7d30) Importer(815301076,1909f56bfc062723c751e8b465ee728b)
Start importing Assets/Wire.prefab using Guid(7a3a796ca8109ca41a4e905fc06f7d30) Importer(815301076,1909f56bfc062723c751e8b465ee728b)  -> (artifact id: '33f2eefc10572049d80de50a6b36c7ec') in 0.377714 seconds 
  Import took 0.388491 seconds .

========================================================================
Received Import Request.
  Time since last request: 0.000421 seconds.
  path: Assets/player.prefab
  artifactKey: Guid(e694966abf6360e42adc66ad7082a5b3) Importer(815301076,1909f56bfc062723c751e8b465ee728b)
Start importing Assets/player.prefab using Guid(e694966abf6360e42adc66ad7082a5b3) Importer(815301076,1909f56bfc062723c751e8b465ee728b)  -> (artifact id: '4768579c4733717d8bd649b8ee1ed156') in 0.064809 seconds 
  Import took 0.073492 seconds .

========================================================================
Received Import Request.
  Time since last request: 0.000892 seconds.
  path: Assets/map.prefab
  artifactKey: Guid(44b09a117645f60449d28397c7243118) Importer(815301076,1909f56bfc062723c751e8b465ee728b)
Start importing Assets/map.prefab using Guid(44b09a117645f60449d28397c7243118) Importer(815301076,1909f56bfc062723c751e8b465ee728b)  -> (artifact id: 'c7aa4c9c02d283cd0ce2badd11e17152') in 0.156290 seconds 
  Import took 0.170733 seconds .

========================================================================
Received Import Request.
  Time since last request: 0.000346 seconds.
  path: Assets/blood.prefab
  artifactKey: Guid(5dbeb0fd7cff9114380699474f5036df) Importer(815301076,1909f56bfc062723c751e8b465ee728b)
Start importing Assets/blood.prefab using Guid(5dbeb0fd7cff9114380699474f5036df) Importer(815301076,1909f56bfc062723c751e8b465ee728b)  -> (artifact id: 'fa97d93873953833a22853e0eb34bae9') in 0.064181 seconds 
  Import took 0.073449 seconds .

